app/build/intermediates/manifest_merge_blame_file/release/manifest-merger-blame-release-report.txt
1<?xml version="1.0" encoding="utf-8"?>
2<manifest xmlns:android="http://schemas.android.com/apk/res/android"
3    package="com.zt.bw"
4    android:versionCode="2"
5    android:versionName="1.2.1" >
6
7    <uses-sdk
8        android:minSdkVersion="19"
8-->src\main\AndroidManifest.xml
9        android:targetSdkVersion="28" />
9-->src\main\AndroidManifest.xml
10
11    <uses-permission android:name="android.permission.INTERNET" />
11-->src\main\AndroidManifest.xml:7:5-67
11-->src\main\AndroidManifest.xml:7:22-64
12    <uses-permission android:name="android.permission.BLUETOOTH" />
12-->src\main\AndroidManifest.xml:9:5-68
12-->src\main\AndroidManifest.xml:9:22-65
13    <uses-permission android:name="android.permission.BLUETOOTH_ADMIN" />
13-->src\main\AndroidManifest.xml:10:5-74
13-->src\main\AndroidManifest.xml:10:22-71
14    <uses-permission android:name="android.permission.RECEIVE_BOOT_COMPLETED" />
14-->src\main\AndroidManifest.xml:11:5-81
14-->src\main\AndroidManifest.xml:11:22-78
15    <!-- 往SDCard写入数据权限 -->
16    <uses-permission android:name="android.permission.WRITE_EXTERNAL_STORAGE" />
16-->src\main\AndroidManifest.xml:13:5-80
16-->src\main\AndroidManifest.xml:13:22-78
17    <uses-permission android:name="android.permission.READ_EXTERNAL_STORAGE" />
17-->src\main\AndroidManifest.xml:14:5-79
17-->src\main\AndroidManifest.xml:14:22-77
18    <uses-permission android:name="android.permission.ACCESS_NETWORK_STATE" />
18-->src\main\AndroidManifest.xml:16:5-78
18-->src\main\AndroidManifest.xml:16:22-76
19    <uses-permission android:name="android.permission.ACCESS_FINE_LOCATION" />
19-->src\main\AndroidManifest.xml:17:5-79
19-->src\main\AndroidManifest.xml:17:22-76
20    <uses-permission android:name="android.permission.ACCESS_COARSE_LOCATION" />
20-->src\main\AndroidManifest.xml:18:5-81
20-->src\main\AndroidManifest.xml:18:22-78
21
22    <application
22-->src\main\AndroidManifest.xml:19:5-49:19
23        android:name="com.zt.bw.MyApp"
23-->src\main\AndroidManifest.xml:20:9-39
24        android:appComponentFactory="android.support.v4.app.CoreComponentFactory"
24-->[com.android.support:support-compat:28.0.0] AndroidManifest.xml:22:18-91
25        android:icon="@drawable/logo_ie"
25-->src\main\AndroidManifest.xml:21:9-41
26        android:label="@string/app_name"
26-->src\main\AndroidManifest.xml:22:9-41
27        android:networkSecurityConfig="@xml/network_security_config"
27-->src\main\AndroidManifest.xml:23:9-69
28        android:theme="@android:style/Theme.NoTitleBar.Fullscreen" >
28-->src\main\AndroidManifest.xml:24:9-67
29
30        <!-- <activity android:name="com.zt.bw.MainActivity" -->
31        <!-- android:label="@string/app_name" -->
32        <!-- > -->
33        <!-- <intent-filter> -->
34        <!-- <action android:name="android.intent.action.MAIN" /> -->
35        <!-- <category android:name="android.intent.category.LAUNCHER" /> -->
36        <!-- </intent-filter> -->
37        <!-- </activity> -->
38        <activity android:name="com.zt.bw.WebviewActivity" />
38-->src\main\AndroidManifest.xml:34:9-52
38-->src\main\AndroidManifest.xml:34:19-50
39        <activity
39-->src\main\AndroidManifest.xml:35:9-42:20
40            android:name="com.zt.bw.StartActivity"
40-->src\main\AndroidManifest.xml:35:19-57
41            android:label="@string/app_name" >
41-->src\main\AndroidManifest.xml:36:13-45
42            <intent-filter>
42-->src\main\AndroidManifest.xml:38:13-41:29
43                <action android:name="android.intent.action.MAIN" />
43-->src\main\AndroidManifest.xml:39:17-69
43-->src\main\AndroidManifest.xml:39:25-66
44
45                <category android:name="android.intent.category.LAUNCHER" />
45-->src\main\AndroidManifest.xml:40:17-77
45-->src\main\AndroidManifest.xml:40:27-74
46            </intent-filter>
47        </activity>
48        <activity android:name="com.zt.bw.MainActivity" />
48-->src\main\AndroidManifest.xml:43:9-58
48-->src\main\AndroidManifest.xml:43:19-56
49
50        <receiver android:name="com.zt.bw.MyReceiver" >
50-->src\main\AndroidManifest.xml:44:9-48:20
50-->src\main\AndroidManifest.xml:44:19-45
51            <intent-filter>
51-->src\main\AndroidManifest.xml:45:13-47:29
52                <action android:name="android.intent.action.BOOT_COMPLETED" />
52-->src\main\AndroidManifest.xml:46:17-78
52-->src\main\AndroidManifest.xml:46:25-76
53            </intent-filter>
54        </receiver>
55
56        <activity
56-->[com.yanzhenjie:permission:2.0.0-rc11] AndroidManifest.xml:25:9-30:75
57            android:name="com.yanzhenjie.permission.PermissionActivity"
57-->[com.yanzhenjie:permission:2.0.0-rc11] AndroidManifest.xml:26:13-72
58            android:configChanges="keyboardHidden|orientation|screenSize"
58-->[com.yanzhenjie:permission:2.0.0-rc11] AndroidManifest.xml:27:13-74
59            android:launchMode="standard"
59-->[com.yanzhenjie:permission:2.0.0-rc11] AndroidManifest.xml:28:13-42
60            android:theme="@style/Permission.Theme.Activity"
60-->[com.yanzhenjie:permission:2.0.0-rc11] AndroidManifest.xml:29:13-61
61            android:windowSoftInputMode="stateHidden|stateAlwaysHidden" />
61-->[com.yanzhenjie:permission:2.0.0-rc11] AndroidManifest.xml:30:13-72
62
63        <provider
63-->[com.yanzhenjie:permission:2.0.0-rc11] AndroidManifest.xml:32:9-40:20
64            android:name="com.yanzhenjie.permission.FileProvider"
64-->[com.yanzhenjie:permission:2.0.0-rc11] AndroidManifest.xml:33:13-66
65            android:authorities="com.zt.bw.file.path.share"
65-->[com.yanzhenjie:permission:2.0.0-rc11] AndroidManifest.xml:34:13-67
66            android:exported="false"
66-->[com.yanzhenjie:permission:2.0.0-rc11] AndroidManifest.xml:35:13-37
67            android:grantUriPermissions="true" >
67-->[com.yanzhenjie:permission:2.0.0-rc11] AndroidManifest.xml:36:13-47
68            <meta-data
68-->[com.yanzhenjie:permission:2.0.0-rc11] AndroidManifest.xml:37:13-39:65
69                android:name="android.support.FILE_PROVIDER_PATHS"
69-->[com.yanzhenjie:permission:2.0.0-rc11] AndroidManifest.xml:38:17-67
70                android:resource="@xml/permission_file_paths" />
70-->[com.yanzhenjie:permission:2.0.0-rc11] AndroidManifest.xml:39:17-62
71        </provider>
72    </application>
73
74</manifest>